[debug] [2018-09-06T19:16:06.521Z] ----------------------------------------------------------------------
[debug] [2018-09-06T19:16:06.522Z] Command:       /usr/local/Cellar/node/10.9.0/bin/node /usr/local/bin/firebase deploy
[debug] [2018-09-06T19:16:06.522Z] CLI Version:   3.18.6
[debug] [2018-09-06T19:16:06.522Z] Platform:      darwin
[debug] [2018-09-06T19:16:06.522Z] Node Version:  v10.9.0
[debug] [2018-09-06T19:16:06.523Z] Time:          Thu Sep 06 2018 13:16:06 GMT-0600 (Mountain Daylight Time)
[debug] [2018-09-06T19:16:06.524Z] ----------------------------------------------------------------------
[debug] 
[debug] [2018-09-06T19:16:06.531Z] > command requires scopes: ["email","openid","https://www.googleapis.com/auth/cloudplatformprojects.readonly","https://www.googleapis.com/auth/firebase","https://www.googleapis.com/auth/cloud-platform"]
[debug] [2018-09-06T19:16:06.531Z] > authorizing via signed-in user
[debug] [2018-09-06T19:16:06.533Z] > refreshing access token with scopes: ["email","https://www.googleapis.com/auth/cloud-platform","https://www.googleapis.com/auth/cloudplatformprojects.readonly","https://www.googleapis.com/auth/firebase","openid"]
[debug] [2018-09-06T19:16:06.533Z] >>> HTTP REQUEST POST https://www.googleapis.com/oauth2/v3/token  
 { refresh_token: '1/VJjUiMJ8kVIbusXFuBHYsBGKv8YpkGJVMVQQ7KcjQRw',
  client_id:
   '563584335869-fgrhgmd47bqnekij5i8b5pr03ho849e6.apps.googleusercontent.com',
  client_secret: 'j9iVZfS8kkCEFUPaAeJV0sAi',
  grant_type: 'refresh_token',
  scope:
   'email https://www.googleapis.com/auth/cloud-platform https://www.googleapis.com/auth/cloudplatformprojects.readonly https://www.googleapis.com/auth/firebase openid' } 
 Thu Sep 06 2018 13:16:06 GMT-0600 (Mountain Daylight Time)
[debug] [2018-09-06T19:16:06.698Z] <<< HTTP RESPONSE 200
[debug] [2018-09-06T19:16:06.707Z] >>> HTTP REQUEST GET https://admin.firebase.com/v1/projects/sarahevelynn-johnson  
  
 Thu Sep 06 2018 13:16:06 GMT-0600 (Mountain Daylight Time)
[debug] [2018-09-06T19:16:06.958Z] <<< HTTP RESPONSE 200
[debug] [2018-09-06T19:16:06.960Z] >>> HTTP REQUEST GET https://admin.firebase.com/v1/database/sarahevelynn-johnson/tokens  
  
 Thu Sep 06 2018 13:16:06 GMT-0600 (Mountain Daylight Time)
[debug] [2018-09-06T19:16:07.314Z] <<< HTTP RESPONSE 200
[info] 
[info] === Deploying to 'sarahevelynn-johnson'...
[info] 
[info] i  deploying hosting
[info] i  hosting: preparing public/build directory for upload...
[debug] [2018-09-06T19:16:11.223Z] >>> HTTP REQUEST PUT https://deploy.firebase.com/v1/hosting/sarahevelynn-johnson/uploads/-LLkJ1QDeSp-d-jnwNx9?fileCount=149&message=  
  
 Thu Sep 06 2018 13:16:11 GMT-0600 (Mountain Daylight Time)
